Connecting to database specified by database.yml
Connecting to database specified by database.yml
  [1m[36m (0.2ms)[0m  [1mselect sqlite_version(*)[0m
  [1m[35m (8.8ms)[0m  CREATE TABLE "schema_migrations" ("version" varchar(255) NOT NULL) 
  [1m[36m (0.0ms)[0m  [1mPRAGMA index_list("schema_migrations")[0m
  [1m[35m (9.4ms)[0m  CREATE UNIQUE INDEX "unique_schema_migrations" ON "schema_migrations" ("version")
  [1m[36m (2.6ms)[0m  [1mSELECT "schema_migrations"."version" FROM "schema_migrations" [0m
Migrating to CreateLists (20121015105016)
  [1m[35m (0.0ms)[0m  begin transaction
  [1m[36m (3.7ms)[0m  [1mCREATE TABLE "lists" ("id" INTEGER PRIMARY KEY AUTOINCREMENT NOT NULL, "first_name" varchar(255), "last_name" varchar(255), "login" varchar(255), "repo" varchar(255), "created_at" datetime NOT NULL, "updated_at" datetime NOT NULL) [0m
  [1m[35m (0.1ms)[0m  INSERT INTO "schema_migrations" ("version") VALUES ('20121015105016')
  [1m[36m (78.7ms)[0m  [1mcommit transaction[0m
  [1m[35m (118.2ms)[0m  select sqlite_version(*)
  [1m[36m (2.9ms)[0m  [1mSELECT "schema_migrations"."version" FROM "schema_migrations" [0m
  [1m[35m (0.0ms)[0m  PRAGMA index_list("lists")


Started GET "/assets/rails.png" for 153.19.5.100 at 2012-10-15 12:54:38 +0200
Connecting to database specified by database.yml
Served asset /rails.png - 200 OK (171ms)


Started GET "/List" for 153.19.5.100 at 2012-10-15 12:55:01 +0200

ActionController::RoutingError (No route matches [GET] "/List"):
  actionpack (3.2.8) lib/action_dispatch/middleware/debug_exceptions.rb:21:in `call'
  actionpack (3.2.8) lib/action_dispatch/middleware/show_exceptions.rb:56:in `call'
  railties (3.2.8) lib/rails/rack/logger.rb:26:in `call_app'
  railties (3.2.8) lib/rails/rack/logger.rb:16:in `call'
  actionpack (3.2.8) lib/action_dispatch/middleware/request_id.rb:22:in `call'
  rack (1.4.1) lib/rack/methodoverride.rb:21:in `call'
  rack (1.4.1) lib/rack/runtime.rb:17:in `call'
  activesupport (3.2.8) lib/active_support/cache/strategy/local_cache.rb:72:in `call'
  rack (1.4.1) lib/rack/lock.rb:15:in `call'
  actionpack (3.2.8) lib/action_dispatch/middleware/static.rb:62:in `call'
  railties (3.2.8) lib/rails/engine.rb:479:in `call'
  railties (3.2.8) lib/rails/application.rb:223:in `call'
  rack (1.4.1) lib/rack/content_length.rb:14:in `call'
  railties (3.2.8) lib/rails/rack/log_tailer.rb:17:in `call'
  rack (1.4.1) lib/rack/handler/webrick.rb:59:in `service'
  /usr/local/rvm/rubies/ruby-1.9.3-p194/lib/ruby/1.9.1/webrick/httpserver.rb:138:in `service'
  /usr/local/rvm/rubies/ruby-1.9.3-p194/lib/ruby/1.9.1/webrick/httpserver.rb:94:in `run'
  /usr/local/rvm/rubies/ruby-1.9.3-p194/lib/ruby/1.9.1/webrick/server.rb:191:in `block in start_thread'


  Rendered /usr/local/rvm/gems/ruby-1.9.3-p194/gems/actionpack-3.2.8/lib/action_dispatch/middleware/templates/rescues/routing_error.erb within rescues/layout (1.8ms)


Started GET "/Lista" for 153.19.5.100 at 2012-10-15 12:55:06 +0200

ActionController::RoutingError (No route matches [GET] "/Lista"):
  actionpack (3.2.8) lib/action_dispatch/middleware/debug_exceptions.rb:21:in `call'
  actionpack (3.2.8) lib/action_dispatch/middleware/show_exceptions.rb:56:in `call'
  railties (3.2.8) lib/rails/rack/logger.rb:26:in `call_app'
  railties (3.2.8) lib/rails/rack/logger.rb:16:in `call'
  actionpack (3.2.8) lib/action_dispatch/middleware/request_id.rb:22:in `call'
  rack (1.4.1) lib/rack/methodoverride.rb:21:in `call'
  rack (1.4.1) lib/rack/runtime.rb:17:in `call'
  activesupport (3.2.8) lib/active_support/cache/strategy/local_cache.rb:72:in `call'
  rack (1.4.1) lib/rack/lock.rb:15:in `call'
  actionpack (3.2.8) lib/action_dispatch/middleware/static.rb:62:in `call'
  railties (3.2.8) lib/rails/engine.rb:479:in `call'
  railties (3.2.8) lib/rails/application.rb:223:in `call'
  rack (1.4.1) lib/rack/content_length.rb:14:in `call'
  railties (3.2.8) lib/rails/rack/log_tailer.rb:17:in `call'
  rack (1.4.1) lib/rack/handler/webrick.rb:59:in `service'
  /usr/local/rvm/rubies/ruby-1.9.3-p194/lib/ruby/1.9.1/webrick/httpserver.rb:138:in `service'
  /usr/local/rvm/rubies/ruby-1.9.3-p194/lib/ruby/1.9.1/webrick/httpserver.rb:94:in `run'
  /usr/local/rvm/rubies/ruby-1.9.3-p194/lib/ruby/1.9.1/webrick/server.rb:191:in `block in start_thread'


  Rendered /usr/local/rvm/gems/ruby-1.9.3-p194/gems/actionpack-3.2.8/lib/action_dispatch/middleware/templates/rescues/routing_error.erb within rescues/layout (0.7ms)


Started GET "/lists/new" for 153.19.5.100 at 2012-10-15 12:55:30 +0200
Processing by ListsController#new as HTML
  Rendered lists/_form.html.erb (121.2ms)
  Rendered lists/new.html.erb within layouts/application (136.0ms)
Compiled lists.css  (213ms)  (pid 19619)
Compiled scaffolds.css  (16ms)  (pid 19619)
Compiled application.css  (562ms)  (pid 19619)
Compiled jquery.js  (173ms)  (pid 19619)
Compiled jquery_ujs.js  (0ms)  (pid 19619)
Compiled lists.js  (106ms)  (pid 19619)
Compiled application.js  (1486ms)  (pid 19619)
Completed 200 OK in 4044ms (Views: 3831.4ms | ActiveRecord: 168.1ms)


Started GET "/assets/application.css?body=1" for 153.19.5.100 at 2012-10-15 12:55:34 +0200
Served asset /application.css - 200 OK (92ms)


Started GET "/assets/lists.css?body=1" for 153.19.5.100 at 2012-10-15 12:55:34 +0200
Served asset /lists.css - 200 OK (87ms)


Started GET "/assets/jquery.js?body=1" for 153.19.5.100 at 2012-10-15 12:55:34 +0200
Served asset /jquery.js - 200 OK (10ms)


Started GET "/assets/lists.js?body=1" for 153.19.5.100 at 2012-10-15 12:55:34 +0200
Served asset /lists.js - 200 OK (3ms)


Started GET "/assets/jquery_ujs.js?body=1" for 153.19.5.100 at 2012-10-15 12:55:34 +0200
Served asset /jquery_ujs.js - 200 OK (67ms)


Started GET "/assets/scaffolds.css?body=1" for 153.19.5.100 at 2012-10-15 12:55:34 +0200
Served asset /scaffolds.css - 200 OK (157ms)


Started GET "/assets/application.js?body=1" for 153.19.5.100 at 2012-10-15 12:55:35 +0200
Served asset /application.js - 200 OK (140ms)


Started GET "/lists" for 153.19.5.100 at 2012-10-15 12:56:54 +0200
Processing by ListsController#index as HTML
  [1m[36mList Load (77.9ms)[0m  [1mSELECT "lists".* FROM "lists" [0m
  Rendered lists/index.html.erb within layouts/application (1.2ms)
Completed 200 OK in 167ms (Views: 87.4ms | ActiveRecord: 77.9ms)


Started GET "/assets/application.css?body=1" for 153.19.5.100 at 2012-10-15 12:56:54 +0200
Served asset /application.css - 304 Not Modified (0ms)


Started GET "/assets/lists.css?body=1" for 153.19.5.100 at 2012-10-15 12:56:55 +0200
Served asset /lists.css - 304 Not Modified (0ms)


Started GET "/assets/scaffolds.css?body=1" for 153.19.5.100 at 2012-10-15 12:56:55 +0200
Served asset /scaffolds.css - 304 Not Modified (0ms)


Started GET "/assets/jquery.js?body=1" for 153.19.5.100 at 2012-10-15 12:56:55 +0200
Served asset /jquery.js - 304 Not Modified (1ms)


Started GET "/assets/jquery_ujs.js?body=1" for 153.19.5.100 at 2012-10-15 12:56:55 +0200
Served asset /jquery_ujs.js - 304 Not Modified (0ms)


Started GET "/assets/lists.js?body=1" for 153.19.5.100 at 2012-10-15 12:56:55 +0200
Served asset /lists.js - 304 Not Modified (0ms)


Started GET "/assets/application.js?body=1" for 153.19.5.100 at 2012-10-15 12:56:55 +0200
Served asset /application.js - 304 Not Modified (1ms)


Started GET "/lists/new" for 153.19.5.100 at 2012-10-15 12:56:58 +0200
Processing by ListsController#new as HTML
  Rendered lists/_form.html.erb (3.2ms)
  Rendered lists/new.html.erb within layouts/application (5.2ms)
Completed 200 OK in 12ms (Views: 12.0ms | ActiveRecord: 0.0ms)


Started GET "/assets/lists.css?body=1" for 153.19.5.100 at 2012-10-15 12:56:58 +0200
Served asset /lists.css - 304 Not Modified (0ms)


Started GET "/assets/application.css?body=1" for 153.19.5.100 at 2012-10-15 12:56:58 +0200
Served asset /application.css - 304 Not Modified (0ms)


Started GET "/assets/jquery.js?body=1" for 153.19.5.100 at 2012-10-15 12:56:58 +0200
Served asset /jquery.js - 304 Not Modified (4ms)


Started GET "/assets/jquery_ujs.js?body=1" for 153.19.5.100 at 2012-10-15 12:56:59 +0200
Served asset /jquery_ujs.js - 304 Not Modified (0ms)


Started GET "/assets/scaffolds.css?body=1" for 153.19.5.100 at 2012-10-15 12:56:59 +0200
Served asset /scaffolds.css - 304 Not Modified (0ms)


Started GET "/assets/lists.js?body=1" for 153.19.5.100 at 2012-10-15 12:56:59 +0200
Served asset /lists.js - 304 Not Modified (0ms)


Started GET "/assets/application.js?body=1" for 153.19.5.100 at 2012-10-15 12:56:59 +0200
Served asset /application.js - 304 Not Modified (1ms)


Started GET "/lists/new" for 153.19.5.100 at 2012-10-15 13:01:38 +0200
Processing by ListsController#new as HTML
  Rendered lists/_form.html.erb (3.0ms)
  Rendered lists/new.html.erb within layouts/application (5.1ms)
Compiled application.css  (1ms)  (pid 19619)
Completed 200 OK in 430ms (Views: 429.3ms | ActiveRecord: 0.0ms)


Started GET "/lists/new" for 153.19.5.100 at 2012-10-15 13:01:39 +0200
Processing by ListsController#new as HTML
  Rendered lists/_form.html.erb (2.3ms)
  Rendered lists/new.html.erb within layouts/application (47.0ms)
Completed 200 OK in 81ms (Views: 80.3ms | ActiveRecord: 0.0ms)


Started GET "/assets/application.css?body=1" for 153.19.5.100 at 2012-10-15 13:01:39 +0200
Served asset /application.css - 200 OK (14ms)


Started GET "/assets/jquery_ujs.js?body=1" for 153.19.5.100 at 2012-10-15 13:01:39 +0200
Served asset /jquery_ujs.js - 304 Not Modified (0ms)


Started GET "/assets/scaffolds.css?body=1" for 153.19.5.100 at 2012-10-15 13:01:39 +0200
Served asset /scaffolds.css - 304 Not Modified (0ms)


Started GET "/assets/jquery.js?body=1" for 153.19.5.100 at 2012-10-15 13:01:39 +0200
Served asset /jquery.js - 304 Not Modified (0ms)


Started GET "/assets/lists.js?body=1" for 153.19.5.100 at 2012-10-15 13:01:39 +0200
Served asset /lists.js - 304 Not Modified (0ms)


Started GET "/assets/lists.css?body=1" for 153.19.5.100 at 2012-10-15 13:01:39 +0200
Served asset /lists.css - 304 Not Modified (0ms)


Started GET "/assets/application.js?body=1" for 153.19.5.100 at 2012-10-15 13:01:39 +0200
Served asset /application.js - 304 Not Modified (0ms)


Started GET "/lists/new" for 153.19.5.100 at 2012-10-15 13:01:59 +0200
Processing by ListsController#new as HTML
  Rendered lists/_form.html.erb (2.9ms)
  Rendered lists/new.html.erb within layouts/application (4.3ms)
Compiled application.css  (1ms)  (pid 19619)
Completed 200 OK in 398ms (Views: 397.6ms | ActiveRecord: 0.0ms)


Started GET "/lists/new" for 153.19.5.100 at 2012-10-15 13:02:00 +0200
Processing by ListsController#new as HTML
  Rendered lists/_form.html.erb (3.0ms)
  Rendered lists/new.html.erb within layouts/application (4.7ms)
Completed 200 OK in 12ms (Views: 12.2ms | ActiveRecord: 0.0ms)


Started GET "/assets/application.css?body=1" for 153.19.5.100 at 2012-10-15 13:02:00 +0200
Served asset /application.css - 200 OK (14ms)


Started GET "/assets/jquery.js?body=1" for 153.19.5.100 at 2012-10-15 13:02:00 +0200
Served asset /jquery.js - 304 Not Modified (1ms)


Started GET "/assets/scaffolds.css?body=1" for 153.19.5.100 at 2012-10-15 13:02:00 +0200
Served asset /scaffolds.css - 304 Not Modified (0ms)


Started GET "/assets/lists.css?body=1" for 153.19.5.100 at 2012-10-15 13:02:00 +0200
Served asset /lists.css - 304 Not Modified (0ms)


Started GET "/assets/jquery_ujs.js?body=1" for 153.19.5.100 at 2012-10-15 13:02:00 +0200
Served asset /jquery_ujs.js - 304 Not Modified (0ms)


Started GET "/assets/lists.js?body=1" for 153.19.5.100 at 2012-10-15 13:02:01 +0200
Served asset /lists.js - 304 Not Modified (0ms)


Started GET "/assets/application.js?body=1" for 153.19.5.100 at 2012-10-15 13:02:01 +0200
Served asset /application.js - 304 Not Modified (1ms)


Started GET "/lists/new" for 153.19.5.100 at 2012-10-15 13:03:05 +0200
Processing by ListsController#new as HTML
  Rendered lists/_form.html.erb (2.9ms)
  Rendered lists/new.html.erb within layouts/application (4.8ms)
Compiled scaffolds.css  (55ms)  (pid 19619)
Compiled application.css  (1ms)  (pid 19619)
Completed 200 OK in 433ms (Views: 432.6ms | ActiveRecord: 0.0ms)


Started GET "/assets/application.css?body=1" for 153.19.5.100 at 2012-10-15 13:03:06 +0200
Served asset /application.css - 200 OK (14ms)


Started GET "/assets/lists.css?body=1" for 153.19.5.100 at 2012-10-15 13:03:06 +0200
Served asset /lists.css - 304 Not Modified (0ms)


Started GET "/assets/scaffolds.css?body=1" for 153.19.5.100 at 2012-10-15 13:03:06 +0200
Served asset /scaffolds.css - 200 OK (4ms)


Started GET "/assets/jquery.js?body=1" for 153.19.5.100 at 2012-10-15 13:03:06 +0200
Served asset /jquery.js - 304 Not Modified (1ms)


Started GET "/assets/jquery_ujs.js?body=1" for 153.19.5.100 at 2012-10-15 13:03:06 +0200
Served asset /jquery_ujs.js - 304 Not Modified (0ms)


Started GET "/assets/lists.js?body=1" for 153.19.5.100 at 2012-10-15 13:03:06 +0200
Served asset /lists.js - 304 Not Modified (0ms)


Started GET "/assets/application.js?body=1" for 153.19.5.100 at 2012-10-15 13:03:06 +0200
Served asset /application.js - 304 Not Modified (1ms)


Started GET "/lists/new" for 153.19.5.100 at 2012-10-15 13:03:08 +0200
Processing by ListsController#new as HTML
  Rendered lists/_form.html.erb (3.2ms)
  Rendered lists/new.html.erb within layouts/application (4.7ms)
Completed 200 OK in 12ms (Views: 11.3ms | ActiveRecord: 0.0ms)


Started GET "/assets/application.css?body=1" for 153.19.5.100 at 2012-10-15 13:03:08 +0200
Served asset /application.css - 304 Not Modified (0ms)


Started GET "/assets/lists.css?body=1" for 153.19.5.100 at 2012-10-15 13:03:08 +0200
Served asset /lists.css - 304 Not Modified (0ms)


Started GET "/assets/scaffolds.css?body=1" for 153.19.5.100 at 2012-10-15 13:03:08 +0200
Served asset /scaffolds.css - 304 Not Modified (0ms)


Started GET "/assets/lists.js?body=1" for 153.19.5.100 at 2012-10-15 13:03:08 +0200
Served asset /lists.js - 304 Not Modified (0ms)


Started GET "/assets/jquery_ujs.js?body=1" for 153.19.5.100 at 2012-10-15 13:03:08 +0200
Served asset /jquery_ujs.js - 304 Not Modified (0ms)


Started GET "/assets/jquery.js?body=1" for 153.19.5.100 at 2012-10-15 13:03:08 +0200
Served asset /jquery.js - 304 Not Modified (2ms)


Started GET "/assets/application.js?body=1" for 153.19.5.100 at 2012-10-15 13:03:08 +0200
Served asset /application.js - 304 Not Modified (1ms)


Started GET "/lists/new" for 153.19.5.100 at 2012-10-15 13:03:21 +0200
Processing by ListsController#new as HTML
  Rendered lists/_form.html.erb (3.2ms)
  Rendered lists/new.html.erb within layouts/application (5.4ms)
Compiled application.css  (4ms)  (pid 19619)
Completed 200 OK in 633ms (Views: 632.1ms | ActiveRecord: 0.0ms)


Started GET "/assets/application.css?body=1" for 153.19.5.100 at 2012-10-15 13:03:21 +0200
Served asset /application.css - 200 OK (14ms)


Started GET "/assets/jquery_ujs.js?body=1" for 153.19.5.100 at 2012-10-15 13:03:21 +0200
Served asset /jquery_ujs.js - 304 Not Modified (0ms)


Started GET "/assets/lists.css?body=1" for 153.19.5.100 at 2012-10-15 13:03:21 +0200
Served asset /lists.css - 304 Not Modified (0ms)


Started GET "/assets/jquery.js?body=1" for 153.19.5.100 at 2012-10-15 13:03:22 +0200
Served asset /jquery.js - 304 Not Modified (0ms)


Started GET "/assets/scaffolds.css?body=1" for 153.19.5.100 at 2012-10-15 13:03:22 +0200
Served asset /scaffolds.css - 304 Not Modified (0ms)


Started GET "/assets/lists.js?body=1" for 153.19.5.100 at 2012-10-15 13:03:22 +0200
Served asset /lists.js - 304 Not Modified (0ms)


Started GET "/assets/application.js?body=1" for 153.19.5.100 at 2012-10-15 13:03:22 +0200
Served asset /application.js - 304 Not Modified (1ms)


Started GET "/lists/new" for 153.19.5.100 at 2012-10-15 13:03:26 +0200
Processing by ListsController#new as HTML
  Rendered lists/_form.html.erb (2.7ms)
  Rendered lists/new.html.erb within layouts/application (4.1ms)
Completed 200 OK in 10ms (Views: 10.0ms | ActiveRecord: 0.0ms)


Started GET "/assets/application.css?body=1" for 153.19.5.100 at 2012-10-15 13:03:26 +0200
Served asset /application.css - 304 Not Modified (0ms)


Started GET "/assets/lists.css?body=1" for 153.19.5.100 at 2012-10-15 13:03:26 +0200
Served asset /lists.css - 304 Not Modified (0ms)


Started GET "/assets/scaffolds.css?body=1" for 153.19.5.100 at 2012-10-15 13:03:26 +0200
Served asset /scaffolds.css - 304 Not Modified (0ms)


Started GET "/assets/jquery.js?body=1" for 153.19.5.100 at 2012-10-15 13:03:26 +0200
Served asset /jquery.js - 304 Not Modified (1ms)


Started GET "/assets/application.js?body=1" for 153.19.5.100 at 2012-10-15 13:03:27 +0200
Served asset /application.js - 304 Not Modified (1ms)


Started GET "/assets/lists.js?body=1" for 153.19.5.100 at 2012-10-15 13:03:27 +0200
Served asset /lists.js - 304 Not Modified (0ms)


Started GET "/assets/jquery_ujs.js?body=1" for 153.19.5.100 at 2012-10-15 13:03:27 +0200
Served asset /jquery_ujs.js - 304 Not Modified (0ms)


Started GET "/lists/new" for 153.19.5.100 at 2012-10-15 13:06:04 +0200
Processing by ListsController#new as HTML
  Rendered lists/_form.html.erb (2.7ms)
  Rendered lists/new.html.erb within layouts/application (4.6ms)
Compiled application.css  (1ms)  (pid 19619)
Completed 200 OK in 209ms (Views: 208.2ms | ActiveRecord: 0.0ms)


Started GET "/assets/application.css?body=1" for 153.19.5.100 at 2012-10-15 13:06:04 +0200
Served asset /application.css - 200 OK (124ms)


Started GET "/assets/jquery.js?body=1" for 153.19.5.100 at 2012-10-15 13:06:04 +0200
Served asset /jquery.js - 304 Not Modified (1ms)


Started GET "/assets/scaffolds.css?body=1" for 153.19.5.100 at 2012-10-15 13:06:04 +0200
Served asset /scaffolds.css - 304 Not Modified (0ms)


Started GET "/assets/jquery_ujs.js?body=1" for 153.19.5.100 at 2012-10-15 13:06:04 +0200
Served asset /jquery_ujs.js - 304 Not Modified (0ms)


Started GET "/assets/lists.js?body=1" for 153.19.5.100 at 2012-10-15 13:06:04 +0200
Served asset /lists.js - 304 Not Modified (0ms)


Started GET "/assets/lists.css?body=1" for 153.19.5.100 at 2012-10-15 13:06:04 +0200
Served asset /lists.css - 304 Not Modified (0ms)


Started GET "/assets/application.js?body=1" for 153.19.5.100 at 2012-10-15 13:06:04 +0200
Served asset /application.js - 304 Not Modified (1ms)


Started GET "/lists/new" for 153.19.5.100 at 2012-10-15 13:06:06 +0200
Processing by ListsController#new as HTML
  Rendered lists/_form.html.erb (2.7ms)
  Rendered lists/new.html.erb within layouts/application (4.0ms)
Completed 200 OK in 10ms (Views: 10.0ms | ActiveRecord: 0.0ms)


Started GET "/assets/application.css?body=1" for 153.19.5.100 at 2012-10-15 13:06:06 +0200
Served asset /application.css - 304 Not Modified (0ms)


Started GET "/assets/lists.css?body=1" for 153.19.5.100 at 2012-10-15 13:06:06 +0200
Served asset /lists.css - 304 Not Modified (0ms)


Started GET "/assets/scaffolds.css?body=1" for 153.19.5.100 at 2012-10-15 13:06:06 +0200
Served asset /scaffolds.css - 304 Not Modified (0ms)


Started GET "/assets/lists.js?body=1" for 153.19.5.100 at 2012-10-15 13:06:06 +0200
Served asset /lists.js - 304 Not Modified (0ms)


Started GET "/assets/jquery_ujs.js?body=1" for 153.19.5.100 at 2012-10-15 13:06:06 +0200
Served asset /jquery_ujs.js - 304 Not Modified (2ms)


Started GET "/assets/jquery.js?body=1" for 153.19.5.100 at 2012-10-15 13:06:06 +0200
Served asset /jquery.js - 304 Not Modified (0ms)


Started GET "/assets/application.js?body=1" for 153.19.5.100 at 2012-10-15 13:06:06 +0200
Served asset /application.js - 304 Not Modified (1ms)


Started GET "/lists/new" for 153.19.5.100 at 2012-10-15 13:06:45 +0200
Processing by ListsController#new as HTML
  Rendered lists/_form.html.erb (1.9ms)
  Rendered lists/new.html.erb within layouts/application (4.9ms)
Compiled application.css  (38ms)  (pid 19619)
Completed 200 OK in 379ms (Views: 378.3ms | ActiveRecord: 0.0ms)


Started GET "/assets/application.css?body=1" for 153.19.5.100 at 2012-10-15 13:06:46 +0200
Served asset /application.css - 200 OK (14ms)


Started GET "/assets/lists.css?body=1" for 153.19.5.100 at 2012-10-15 13:06:46 +0200
Served asset /lists.css - 304 Not Modified (0ms)


Started GET "/assets/scaffolds.css?body=1" for 153.19.5.100 at 2012-10-15 13:06:47 +0200
Served asset /scaffolds.css - 304 Not Modified (0ms)


Started GET "/assets/jquery.js?body=1" for 153.19.5.100 at 2012-10-15 13:06:47 +0200
Served asset /jquery.js - 304 Not Modified (1ms)


Started GET "/assets/lists.js?body=1" for 153.19.5.100 at 2012-10-15 13:06:47 +0200
Served asset /lists.js - 304 Not Modified (0ms)


Started GET "/assets/jquery_ujs.js?body=1" for 153.19.5.100 at 2012-10-15 13:06:47 +0200
Served asset /jquery_ujs.js - 304 Not Modified (0ms)


Started GET "/assets/application.js?body=1" for 153.19.5.100 at 2012-10-15 13:06:47 +0200
Served asset /application.js - 304 Not Modified (1ms)


Started GET "/lists/new" for 153.19.5.100 at 2012-10-15 13:08:17 +0200
Processing by ListsController#new as HTML
  Rendered lists/_form.html.erb (48.8ms)
  Rendered lists/new.html.erb within layouts/application (50.9ms)
Completed 500 Internal Server Error in 76ms

ActionView::Template::Error (Colors must have either three or six digits: '#3ccc'
  (in /home/studinf/mlewandowska/architektura_serwisow/ap/app/assets/stylesheets/lists.css.scss)):
    2: <html>
    3: <head>
    4:   <title>Ap</title>
    5:   <%= stylesheet_link_tag    "application", :media => "all" %>
    6:   <%= javascript_include_tag "application" %>
    7:   <%= csrf_meta_tags %>
    8: </head>
  app/assets/stylesheets/lists.css.scss:5
  app/views/layouts/application.html.erb:5:in `_app_views_layouts_application_html_erb__4115323287233242047_70233423678680'
  app/controllers/lists_controller.rb:29:in `new'


  Rendered /usr/local/rvm/gems/ruby-1.9.3-p194/gems/actionpack-3.2.8/lib/action_dispatch/middleware/templates/rescues/_trace.erb (1.6ms)
  Rendered /usr/local/rvm/gems/ruby-1.9.3-p194/gems/actionpack-3.2.8/lib/action_dispatch/middleware/templates/rescues/_request_and_response.erb (1.0ms)
  Rendered /usr/local/rvm/gems/ruby-1.9.3-p194/gems/actionpack-3.2.8/lib/action_dispatch/middleware/templates/rescues/template_error.erb within rescues/layout (9.3ms)


Started GET "/lists/new" for 153.19.5.100 at 2012-10-15 13:08:17 +0200
Processing by ListsController#new as HTML
  Rendered lists/_form.html.erb (3.2ms)
  Rendered lists/new.html.erb within layouts/application (4.7ms)
Completed 500 Internal Server Error in 18ms

ActionView::Template::Error (Colors must have either three or six digits: '#3ccc'
  (in /home/studinf/mlewandowska/architektura_serwisow/ap/app/assets/stylesheets/lists.css.scss)):
    2: <html>
    3: <head>
    4:   <title>Ap</title>
    5:   <%= stylesheet_link_tag    "application", :media => "all" %>
    6:   <%= javascript_include_tag "application" %>
    7:   <%= csrf_meta_tags %>
    8: </head>
  app/assets/stylesheets/lists.css.scss:5
  app/views/layouts/application.html.erb:5:in `_app_views_layouts_application_html_erb__4115323287233242047_70233423678680'
  app/controllers/lists_controller.rb:29:in `new'


  Rendered /usr/local/rvm/gems/ruby-1.9.3-p194/gems/actionpack-3.2.8/lib/action_dispatch/middleware/templates/rescues/_trace.erb (1.1ms)
  Rendered /usr/local/rvm/gems/ruby-1.9.3-p194/gems/actionpack-3.2.8/lib/action_dispatch/middleware/templates/rescues/_request_and_response.erb (0.7ms)
  Rendered /usr/local/rvm/gems/ruby-1.9.3-p194/gems/actionpack-3.2.8/lib/action_dispatch/middleware/templates/rescues/template_error.erb within rescues/layout (6.9ms)


Started GET "/lists/new" for 153.19.5.100 at 2012-10-15 13:08:22 +0200
Processing by ListsController#new as HTML
  Rendered lists/_form.html.erb (3.2ms)
  Rendered lists/new.html.erb within layouts/application (4.7ms)
Completed 500 Internal Server Error in 17ms

ActionView::Template::Error (Colors must have either three or six digits: '#3ccc'
  (in /home/studinf/mlewandowska/architektura_serwisow/ap/app/assets/stylesheets/lists.css.scss)):
    2: <html>
    3: <head>
    4:   <title>Ap</title>
    5:   <%= stylesheet_link_tag    "application", :media => "all" %>
    6:   <%= javascript_include_tag "application" %>
    7:   <%= csrf_meta_tags %>
    8: </head>
  app/assets/stylesheets/lists.css.scss:5
  app/views/layouts/application.html.erb:5:in `_app_views_layouts_application_html_erb__4115323287233242047_70233423678680'
  app/controllers/lists_controller.rb:29:in `new'


  Rendered /usr/local/rvm/gems/ruby-1.9.3-p194/gems/actionpack-3.2.8/lib/action_dispatch/middleware/templates/rescues/_trace.erb (1.1ms)
  Rendered /usr/local/rvm/gems/ruby-1.9.3-p194/gems/actionpack-3.2.8/lib/action_dispatch/middleware/templates/rescues/_request_and_response.erb (0.8ms)
  Rendered /usr/local/rvm/gems/ruby-1.9.3-p194/gems/actionpack-3.2.8/lib/action_dispatch/middleware/templates/rescues/template_error.erb within rescues/layout (35.4ms)


Started GET "/lists/new" for 153.19.5.100 at 2012-10-15 13:08:23 +0200
Processing by ListsController#new as HTML
  Rendered lists/_form.html.erb (3.1ms)
  Rendered lists/new.html.erb within layouts/application (4.5ms)
Completed 500 Internal Server Error in 17ms

ActionView::Template::Error (Colors must have either three or six digits: '#3ccc'
  (in /home/studinf/mlewandowska/architektura_serwisow/ap/app/assets/stylesheets/lists.css.scss)):
    2: <html>
    3: <head>
    4:   <title>Ap</title>
    5:   <%= stylesheet_link_tag    "application", :media => "all" %>
    6:   <%= javascript_include_tag "application" %>
    7:   <%= csrf_meta_tags %>
    8: </head>
  app/assets/stylesheets/lists.css.scss:5
  app/views/layouts/application.html.erb:5:in `_app_views_layouts_application_html_erb__4115323287233242047_70233423678680'
  app/controllers/lists_controller.rb:29:in `new'


  Rendered /usr/local/rvm/gems/ruby-1.9.3-p194/gems/actionpack-3.2.8/lib/action_dispatch/middleware/templates/rescues/_trace.erb (1.6ms)
  Rendered /usr/local/rvm/gems/ruby-1.9.3-p194/gems/actionpack-3.2.8/lib/action_dispatch/middleware/templates/rescues/_request_and_response.erb (1.0ms)
  Rendered /usr/local/rvm/gems/ruby-1.9.3-p194/gems/actionpack-3.2.8/lib/action_dispatch/middleware/templates/rescues/template_error.erb within rescues/layout (9.1ms)


Started GET "/lists/new" for 153.19.5.100 at 2012-10-15 13:08:24 +0200
Processing by ListsController#new as HTML
  Rendered lists/_form.html.erb (3.2ms)
  Rendered lists/new.html.erb within layouts/application (12.1ms)
Completed 500 Internal Server Error in 53ms

ActionView::Template::Error (Colors must have either three or six digits: '#3ccc'
  (in /home/studinf/mlewandowska/architektura_serwisow/ap/app/assets/stylesheets/lists.css.scss)):
    2: <html>
    3: <head>
    4:   <title>Ap</title>
    5:   <%= stylesheet_link_tag    "application", :media => "all" %>
    6:   <%= javascript_include_tag "application" %>
    7:   <%= csrf_meta_tags %>
    8: </head>
  app/assets/stylesheets/lists.css.scss:5
  app/views/layouts/application.html.erb:5:in `_app_views_layouts_application_html_erb__4115323287233242047_70233423678680'
  app/controllers/lists_controller.rb:29:in `new'


  Rendered /usr/local/rvm/gems/ruby-1.9.3-p194/gems/actionpack-3.2.8/lib/action_dispatch/middleware/templates/rescues/_trace.erb (1.1ms)
  Rendered /usr/local/rvm/gems/ruby-1.9.3-p194/gems/actionpack-3.2.8/lib/action_dispatch/middleware/templates/rescues/_request_and_response.erb (0.7ms)
  Rendered /usr/local/rvm/gems/ruby-1.9.3-p194/gems/actionpack-3.2.8/lib/action_dispatch/middleware/templates/rescues/template_error.erb within rescues/layout (6.9ms)


Started GET "/lists/new" for 153.19.5.100 at 2012-10-15 13:08:25 +0200
Processing by ListsController#new as HTML
  Rendered lists/_form.html.erb (3.3ms)
  Rendered lists/new.html.erb within layouts/application (9.2ms)
Completed 500 Internal Server Error in 27ms

ActionView::Template::Error (Colors must have either three or six digits: '#3ccc'
  (in /home/studinf/mlewandowska/architektura_serwisow/ap/app/assets/stylesheets/lists.css.scss)):
    2: <html>
    3: <head>
    4:   <title>Ap</title>
    5:   <%= stylesheet_link_tag    "application", :media => "all" %>
    6:   <%= javascript_include_tag "application" %>
    7:   <%= csrf_meta_tags %>
    8: </head>
  app/assets/stylesheets/lists.css.scss:5
  app/views/layouts/application.html.erb:5:in `_app_views_layouts_application_html_erb__4115323287233242047_70233423678680'
  app/controllers/lists_controller.rb:29:in `new'


  Rendered /usr/local/rvm/gems/ruby-1.9.3-p194/gems/actionpack-3.2.8/lib/action_dispatch/middleware/templates/rescues/_trace.erb (1.7ms)
  Rendered /usr/local/rvm/gems/ruby-1.9.3-p194/gems/actionpack-3.2.8/lib/action_dispatch/middleware/templates/rescues/_request_and_response.erb (0.7ms)
  Rendered /usr/local/rvm/gems/ruby-1.9.3-p194/gems/actionpack-3.2.8/lib/action_dispatch/middleware/templates/rescues/template_error.erb within rescues/layout (8.6ms)


Started GET "/lists/new" for 153.19.5.100 at 2012-10-15 13:08:39 +0200
Processing by ListsController#new as HTML
  Rendered lists/_form.html.erb (3.1ms)
  Rendered lists/new.html.erb within layouts/application (4.6ms)
Compiled lists.css  (40ms)  (pid 19619)
Compiled application.css  (1ms)  (pid 19619)
Completed 200 OK in 256ms (Views: 255.2ms | ActiveRecord: 0.0ms)


Started GET "/assets/application.css?body=1" for 153.19.5.100 at 2012-10-15 13:08:40 +0200
Served asset /application.css - 200 OK (13ms)


Started GET "/assets/lists.css?body=1" for 153.19.5.100 at 2012-10-15 13:08:40 +0200
Served asset /lists.css - 200 OK (2ms)


Started GET "/assets/scaffolds.css?body=1" for 153.19.5.100 at 2012-10-15 13:08:40 +0200
Served asset /scaffolds.css - 304 Not Modified (0ms)


Started GET "/assets/jquery.js?body=1" for 153.19.5.100 at 2012-10-15 13:08:40 +0200
Served asset /jquery.js - 304 Not Modified (0ms)


Started GET "/assets/jquery_ujs.js?body=1" for 153.19.5.100 at 2012-10-15 13:08:40 +0200
Served asset /jquery_ujs.js - 304 Not Modified (0ms)


Started GET "/assets/lists.js?body=1" for 153.19.5.100 at 2012-10-15 13:08:40 +0200
Served asset /lists.js - 304 Not Modified (0ms)


Started GET "/assets/application.js?body=1" for 153.19.5.100 at 2012-10-15 13:08:40 +0200
Served asset /application.js - 304 Not Modified (1ms)


Started GET "/lists/new" for 153.19.5.100 at 2012-10-15 13:12:39 +0200
Processing by ListsController#new as HTML
  Rendered lists/_form.html.erb (3.1ms)
  Rendered lists/new.html.erb within layouts/application (5.1ms)
Compiled lists.css  (46ms)  (pid 19619)
Compiled application.css  (1ms)  (pid 19619)
Completed 200 OK in 363ms (Views: 362.2ms | ActiveRecord: 0.0ms)


Started GET "/assets/application.css?body=1" for 153.19.5.100 at 2012-10-15 13:12:39 +0200
Served asset /application.css - 304 Not Modified (12ms)


Started GET "/assets/scaffolds.css?body=1" for 153.19.5.100 at 2012-10-15 13:12:39 +0200
Served asset /scaffolds.css - 304 Not Modified (0ms)


Started GET "/assets/lists.css?body=1" for 153.19.5.100 at 2012-10-15 13:12:39 +0200
Served asset /lists.css - 200 OK (3ms)


Started GET "/assets/jquery_ujs.js?body=1" for 153.19.5.100 at 2012-10-15 13:12:39 +0200
Served asset /jquery_ujs.js - 304 Not Modified (0ms)


Started GET "/assets/lists.js?body=1" for 153.19.5.100 at 2012-10-15 13:12:39 +0200
Served asset /lists.js - 304 Not Modified (0ms)


Started GET "/assets/jquery.js?body=1" for 153.19.5.100 at 2012-10-15 13:12:39 +0200
Served asset /jquery.js - 304 Not Modified (1ms)


Started GET "/assets/application.js?body=1" for 153.19.5.100 at 2012-10-15 13:12:39 +0200
Served asset /application.js - 304 Not Modified (1ms)


Started GET "/lists/new" for 153.19.5.100 at 2012-10-15 13:12:42 +0200
Processing by ListsController#new as HTML
  Rendered lists/_form.html.erb (2.2ms)
  Rendered lists/new.html.erb within layouts/application (3.3ms)
Completed 200 OK in 8ms (Views: 8.0ms | ActiveRecord: 0.0ms)


Started GET "/assets/application.css?body=1" for 153.19.5.100 at 2012-10-15 13:12:42 +0200
Served asset /application.css - 304 Not Modified (0ms)


Started GET "/assets/lists.css?body=1" for 153.19.5.100 at 2012-10-15 13:12:42 +0200
Served asset /lists.css - 304 Not Modified (0ms)


Started GET "/assets/jquery_ujs.js?body=1" for 153.19.5.100 at 2012-10-15 13:12:42 +0200
Served asset /jquery_ujs.js - 304 Not Modified (0ms)


Started GET "/assets/lists.js?body=1" for 153.19.5.100 at 2012-10-15 13:12:42 +0200
Served asset /lists.js - 304 Not Modified (0ms)


Started GET "/assets/scaffolds.css?body=1" for 153.19.5.100 at 2012-10-15 13:12:42 +0200
Served asset /scaffolds.css - 304 Not Modified (0ms)


Started GET "/assets/jquery.js?body=1" for 153.19.5.100 at 2012-10-15 13:12:43 +0200
Served asset /jquery.js - 304 Not Modified (0ms)


Started GET "/assets/application.js?body=1" for 153.19.5.100 at 2012-10-15 13:12:43 +0200
Served asset /application.js - 304 Not Modified (1ms)
